<?xml version="1.0" encoding="UTF-8"?><testsuite errors="1" failures="0" name="Simulación de Búsqueda en Mercadolibre" skipped="0" tests="1" time="9.86" timestamp="2023-11-29 09:55:59"><testcase name="Buscar un producto, comprarlo y obtener la página de pago"><error message="element click intercepted: Element &lt;button type=&quot;submit&quot; class=&quot;andes-button andes-spinner__icon-base ui-pdp-action--primary andes-button--loud&quot; id=&quot;:R2aqbraj96c4ui:&quot; formaction=&quot;https://www.mercadolibre.com.co/gz/checkout/buy&quot;&gt;...&lt;/button&gt; is not clickable at point (1213, 747). Other element would receive the click: &lt;div class=&quot;cookie-consent-banner-opt-out__container&quot;&gt;...&lt;/div&gt;&#10;  (Session info: chrome=119.0.6045.200)&#10;Build info: version: '3.141.59', revision: 'e82be7d358', time: '2018-11-14T08:17:03'&#10;System info: host: 'DESKTOP-3E08M1B', ip: '192.168.1.19', os.name: 'Windows 10', os.arch: 'amd64', os.version: '10.0', java.version: '1.8.0_251'&#10;Driver info: org.openqa.selenium.chrome.ChromeDriver&#10;Capabilities {acceptInsecureCerts: false, browserName: chrome, browserVersion: 119.0.6045.200, chrome: {chromedriverVersion: 119.0.6045.105 (38c72552c5e..., userDataDir: C:\Users\juand\AppData\Loca...}, fedcm:accounts: true, goog:chromeOptions: {debuggerAddress: localhost:56538}, javascriptEnabled: true, networkConnectionEnabled: false, pageLoadStrategy: normal, platform: WINDOWS, platformName: WINDOWS, proxy: Proxy(), setWindowRect: true, strictFileInteractability: false, timeouts: {implicit: 0, pageLoad: 300000, script: 30000}, unhandledPromptBehavior: dismiss and notify, webauthn:extension:credBlob: true, webauthn:extension:largeBlob: true, webauthn:extension:minPinLength: true, webauthn:extension:prf: true, webauthn:virtualAuthenticators: true}&#10;Session ID: f437784f665f142b451bf52c0f75bf28" type="org.openqa.selenium.ElementClickInterceptedException">element click intercepted: Element &lt;button type="submit" class="andes-button andes-spinner__icon-base ui-pdp-action--primary andes-button--loud" id=":R2aqbraj96c4ui:" formaction="https://www.mercadolibre.com.co/gz/checkout/buy"&gt;...&lt;/button&gt; is not clickable at point (1213, 747). Other element would receive the click: &lt;div class="cookie-consent-banner-opt-out__container"&gt;...&lt;/div&gt;
  (Session info: chrome=119.0.6045.200)
Build info: version: '3.141.59', revision: 'e82be7d358', time: '2018-11-14T08:17:03'
System info: host: 'DESKTOP-3E08M1B', ip: '192.168.1.19', os.name: 'Windows 10', os.arch: 'amd64', os.version: '10.0', java.version: '1.8.0_251'
Driver info: org.openqa.selenium.chrome.ChromeDriver
Capabilities {acceptInsecureCerts: false, browserName: chrome, browserVersion: 119.0.6045.200, chrome: {chromedriverVersion: 119.0.6045.105 (38c72552c5e..., userDataDir: C:\Users\juand\AppData\Loca...}, fedcm:accounts: true, goog:chromeOptions: {debuggerAddress: localhost:56538}, javascriptEnabled: true, networkConnectionEnabled: false, pageLoadStrategy: normal, platform: WINDOWS, platformName: WINDOWS, proxy: Proxy(), setWindowRect: true, strictFileInteractability: false, timeouts: {implicit: 0, pageLoad: 300000, script: 30000}, unhandledPromptBehavior: dismiss and notify, webauthn:extension:credBlob: true, webauthn:extension:largeBlob: true, webauthn:extension:minPinLength: true, webauthn:extension:prf: true, webauthn:virtualAuthenticators: true}
Session ID: f437784f665f142b451bf52c0f75bf28</error><system-err>element click intercepted: Element &lt;button type="submit" class="andes-button andes-spinner__icon-base ui-pdp-action--primary andes-button--loud" id=":R2aqbraj96c4ui:" formaction="https://www.mercadolibre.com.co/gz/checkout/buy"&gt;...&lt;/button&gt; is not clickable at point (1213, 747). Other element would receive the click: &lt;div class="cookie-consent-banner-opt-out__container"&gt;...&lt;/div&gt;
  (Session info: chrome=119.0.6045.200)
Build info: version: '3.141.59', revision: 'e82be7d358', time: '2018-11-14T08:17:03'
System info: host: 'DESKTOP-3E08M1B', ip: '192.168.1.19', os.name: 'Windows 10', os.arch: 'amd64', os.version: '10.0', java.version: '1.8.0_251'
Driver info: org.openqa.selenium.chrome.ChromeDriver
Capabilities {acceptInsecureCerts: false, browserName: chrome, browserVersion: 119.0.6045.200, chrome: {chromedriverVersion: 119.0.6045.105 (38c72552c5e..., userDataDir: C:\Users\juand\AppData\Loca...}, fedcm:accounts: true, goog:chromeOptions: {debuggerAddress: localhost:56538}, javascriptEnabled: true, networkConnectionEnabled: false, pageLoadStrategy: normal, platform: WINDOWS, platformName: WINDOWS, proxy: Proxy(), setWindowRect: true, strictFileInteractability: false, timeouts: {implicit: 0, pageLoad: 300000, script: 30000}, unhandledPromptBehavior: dismiss and notify, webauthn:extension:credBlob: true, webauthn:extension:largeBlob: true, webauthn:extension:minPinLength: true, webauthn:extension:prf: true, webauthn:virtualAuthenticators: true}
Session ID: f437784f665f142b451bf52c0f75bf28&#13;
com.pruebasautomation.interactions.SelectBuyNow.performAs(SelectBuyNow.java:13)&#13;
com.pruebasautomation.tasks.GoBuyNow.performAs(GoBuyNow.java:19)&#13;
co.edu.udea.certificacion.calidad.stepdefinitions.SimulateFailedShopStepDefinitions.clickComprarAhora(SimulateFailedShopStepDefinitions.java:48)&#13;
cucumber.runner.Runner.runPickle(Runner.java:80)&#13;
worker.org.gradle.process.internal.worker.GradleWorkerMain.run(GradleWorkerMain.java:69)&#13;
worker.org.gradle.process.internal.worker.GradleWorkerMain.main(GradleWorkerMain.java:74)&#13;
</system-err></testcase></testsuite>